<?xml version="1.0" encoding="UTF-8"?>
<!-- Generated by org.testng.reporters.JUnitXMLReporter -->
<testsuite ignored="0" hostname="LAPTOP-AMJIAKTC" failures="0" tests="3" name="Default test" time="30.634" errors="0" timestamp="2023-04-07T17:17:47 IST">
  <testcase classname="com.Test.TestClass" name="clickOnBackPack" time="2.125"/>
  <testcase classname="com.Test.TestClass" name="ClickOnLabBolt" time="1.111"/>
  <testcase classname="com.Test.TestClass" name="ClickOnOneSie" time="1.085"/>
</testsuite> <!-- Default test -->
