<?xml version="1.0" encoding="UTF-8"?>
<!-- Generated by org.testng.reporters.JUnitXMLReporter -->
<testsuite ignored="0" hostname="LAPTOP-AMJIAKTC" failures="0" tests="3" name="Test" time="5.907" errors="0" timestamp="2023-04-09T23:59:04 IST">
  <testcase classname="com.Test.TestClass" name="@BeforeMethod HitLogInPage" time="0.042">
    <failure type="java.lang.NoClassDefFoundError" message="org/apache/commons/io/output/UnsynchronizedByteArrayOutputStream">
      <![CDATA[java.lang.NoClassDefFoundError: org/apache/commons/io/output/UnsynchronizedByteArrayOutputStream
at org.apache.poi.poifs.filesystem.FileMagic.valueOf(FileMagic.java:209)
at org.apache.poi.ss.usermodel.WorkbookFactory.create(WorkbookFactory.java:222)
at org.apache.poi.ss.usermodel.WorkbookFactory.create(WorkbookFactory.java:185)
at com.Utility.Utility.GetDataFromExcel(Utility.java:31)
at com.Test.TestClass.HitLogInPage(TestClass.java:53)
at java.base/java.util.ArrayList.forEach(ArrayList.java:1511)
Caused by: java.lang.ClassNotFoundException: org.apache.commons.io.output.UnsynchronizedByteArrayOutputStream
at java.base/jdk.internal.loader.BuiltinClassLoader.loadClass(BuiltinClassLoader.java:641)
at java.base/jdk.internal.loader.ClassLoaders$AppClassLoader.loadClass(ClassLoaders.java:188)
at java.base/java.lang.ClassLoader.loadClass(ClassLoader.java:520)
... 37 more
... Removed 31 stack frames]]>
    </failure>
  </testcase> <!-- @BeforeMethod HitLogInPage -->
  <testcase classname="com.Test.TestClass" name="@AfterMethod verifyloginpage" time="-1.681064944688E9">
    <skipped/>
  </testcase> <!-- @AfterMethod verifyloginpage -->
  <testcase classname="com.Test.TestClass" name="@BeforeMethod HitLogInPage" time="-1.681064944703E9">
    <skipped/>
  </testcase> <!-- @BeforeMethod HitLogInPage -->
  <testcase classname="com.Test.TestClass" name="@AfterMethod verifyloginpage" time="-1.681064944714E9">
    <skipped/>
  </testcase> <!-- @AfterMethod verifyloginpage -->
  <testcase classname="com.Test.TestClass" name="@BeforeMethod HitLogInPage" time="-1.681064944717E9">
    <skipped/>
  </testcase> <!-- @BeforeMethod HitLogInPage -->
  <testcase classname="com.Test.TestClass" name="@AfterMethod verifyloginpage" time="-1.681064944727E9">
    <skipped/>
  </testcase> <!-- @AfterMethod verifyloginpage -->
  <testcase classname="com.Test.TestClass" name="clickOnBackPack" time="0.0">
    <skipped/>
  </testcase> <!-- clickOnBackPack -->
  <testcase classname="com.Test.TestClass" name="ClickOnLabBolt" time="0.0">
    <skipped/>
  </testcase> <!-- ClickOnLabBolt -->
  <testcase classname="com.Test.TestClass" name="ClickOnOneSie" time="0.0">
    <skipped/>
  </testcase> <!-- ClickOnOneSie -->
</testsuite> <!-- Test -->
